2024-01-13 13:25:12,739 - DEBUG - Creating standard Sdk, cert glob: "None"
2024-01-13 13:25:12,752 - DEBUG - Created client for robot-id
2024-01-13 13:25:12,770 - DEBUG - Created channel to 192.168.803 at port 443 with authority id.spot.robot
2024-01-13 13:25:12,774 - DEBUG - blocking request: b'/bosdyn.api.RobotIdService/GetRobotId' 
header {
  request_timestamp {
    seconds: 1705148712
    nanos: 770682624
  }
  client_name: "Spot ClientBaxSurface:server.py-21224"
}


2024-01-13 13:25:12,792 - WARNING - Unclassified exception: <_InactiveRpcError of RPC that terminated with:
	status = StatusCode.UNAVAILABLE
	details = "DNS resolution failed for service: 192.168.803:443"
	debug_error_string = "{"created":"@1705148712.792000000","description":"Resolver transient failure","file":"src/core/ext/filters/client_channel/client_channel.cc","file_line":1361,"referenced_errors":[{"created":"@1705148712.792000000","description":"DNS resolution failed for service: 192.168.803:443","file":"src/core/ext/filters/client_channel/resolver/dns/native/dns_resolver.cc","file_line":201,"grpc_status":14,"referenced_errors":[{"created":"@1705148712.792000000","description":"OS Error","file":"src/core/lib/iomgr/resolve_address_windows.cc","file_line":95,"os_error":"No such host is known.\r\n","syscall":"getaddrinfo","wsa_error":11001}]}]}"
>
2024-01-13 13:27:53,613 - DEBUG - Creating standard Sdk, cert glob: "None"
2024-01-13 13:27:53,616 - DEBUG - Created client for robot-id
2024-01-13 13:27:53,626 - DEBUG - Created channel to 192.168.803 at port 443 with authority id.spot.robot
2024-01-13 13:27:53,626 - DEBUG - blocking request: b'/bosdyn.api.RobotIdService/GetRobotId' 
header {
  request_timestamp {
    seconds: 1705148873
    nanos: 626579200
  }
  client_name: "Spot ClientBaxSurface:server.py-13792"
}


2024-01-13 13:27:53,634 - WARNING - Unclassified exception: <_InactiveRpcError of RPC that terminated with:
	status = StatusCode.UNAVAILABLE
	details = "DNS resolution failed for service: 192.168.803:443"
	debug_error_string = "{"created":"@1705148873.633000000","description":"Resolver transient failure","file":"src/core/ext/filters/client_channel/client_channel.cc","file_line":1361,"referenced_errors":[{"created":"@1705148873.633000000","description":"DNS resolution failed for service: 192.168.803:443","file":"src/core/ext/filters/client_channel/resolver/dns/native/dns_resolver.cc","file_line":201,"grpc_status":14,"referenced_errors":[{"created":"@1705148873.633000000","description":"OS Error","file":"src/core/lib/iomgr/resolve_address_windows.cc","file_line":95,"os_error":"No such host is known.\r\n","syscall":"getaddrinfo","wsa_error":11001}]}]}"
>
2024-01-13 13:32:19,146 - DEBUG - Creating standard Sdk, cert glob: "None"
2024-01-13 13:32:19,150 - DEBUG - Created client for robot-id
2024-01-13 13:32:19,162 - DEBUG - Created channel to 192.168.803 at port 443 with authority id.spot.robot
2024-01-13 13:32:19,163 - DEBUG - blocking request: b'/bosdyn.api.RobotIdService/GetRobotId' 
header {
  request_timestamp {
    seconds: 1705149139
    nanos: 163853312
  }
  client_name: "Spot ClientBaxSurface:server.py-18336"
}


2024-01-13 13:32:19,172 - WARNING - Unclassified exception: <_InactiveRpcError of RPC that terminated with:
	status = StatusCode.UNAVAILABLE
	details = "DNS resolution failed for service: 192.168.803:443"
	debug_error_string = "{"created":"@1705149139.171000000","description":"Resolver transient failure","file":"src/core/ext/filters/client_channel/client_channel.cc","file_line":1361,"referenced_errors":[{"created":"@1705149139.171000000","description":"DNS resolution failed for service: 192.168.803:443","file":"src/core/ext/filters/client_channel/resolver/dns/native/dns_resolver.cc","file_line":201,"grpc_status":14,"referenced_errors":[{"created":"@1705149139.171000000","description":"OS Error","file":"src/core/lib/iomgr/resolve_address_windows.cc","file_line":95,"os_error":"No such host is known.\r\n","syscall":"getaddrinfo","wsa_error":11001}]}]}"
>
